<?xml version="1.0" encoding="UTF-8"?>
<!-- Generated by org.testng.reporters.JUnitReportReporter -->
<testsuite skipped="0" hostname="chouman" name="api.test.DDTests" tests="9" failures="0" timestamp="2023-03-20T16:13:11 EDT" time="0.710" errors="0">
  <testcase name="testpostuser" time="0.095" classname="api.test.DDTests"/>
  <system-out/>
  <testcase name="testpostuser" time="0.080" classname="api.test.DDTests"/>
  <system-out/>
  <testcase name="testpostuser" time="0.073" classname="api.test.DDTests"/>
  <system-out/>
  <testcase name="testGetUserByName" time="0.085" classname="api.test.DDTests"/>
  <system-out/>
  <testcase name="testGetUserByName" time="0.067" classname="api.test.DDTests"/>
  <system-out/>
  <testcase name="testGetUserByName" time="0.079" classname="api.test.DDTests"/>
  <system-out/>
  <testcase name="testdeleteuserByName" time="0.067" classname="api.test.DDTests"/>
  <system-out/>
  <testcase name="testdeleteuserByName" time="0.083" classname="api.test.DDTests"/>
  <system-out/>
  <testcase name="testdeleteuserByName" time="0.081" classname="api.test.DDTests"/>
  <system-out/>
</testsuite> <!-- api.test.DDTests -->
