<?xml version="1.0" encoding="UTF-8"?>
<!-- Generated by org.testng.reporters.JUnitReportReporter -->
<testsuite skipped="0" hostname="chouman" name="api.test.UserTests" tests="4" failures="0" timestamp="2023-03-20T16:13:11 EDT" time="4.587" errors="0">
  <testcase name="testPostuser" time="4.170" classname="api.test.UserTests"/>
  <system-out/>
  <testcase name="testgetUserByName" time="0.124" classname="api.test.UserTests"/>
  <system-out/>
  <testcase name="testupdetuserByname" time="0.209" classname="api.test.UserTests"/>
  <system-out/>
  <testcase name="testDeleteUserByName" time="0.084" classname="api.test.UserTests"/>
  <system-out/>
</testsuite> <!-- api.test.UserTests -->
