<?xml version="1.0" encoding="UTF-8"?>
<!-- Generated by org.testng.reporters.JUnitReportReporter -->
<testsuite skipped="0" hostname="chouman" name="api.test.UserTests2" tests="4" failures="0" timestamp="2023-03-20T18:22:25 EDT" time="3.172" errors="0">
  <testcase name="testPostuser" time="2.787" classname="api.test.UserTests2"/>
  <system-out/>
  <testcase name="testgetUserByName" time="0.113" classname="api.test.UserTests2"/>
  <system-out/>
  <testcase name="testupdetuserByname" time="0.201" classname="api.test.UserTests2"/>
  <system-out/>
  <testcase name="testDeleteUserByName" time="0.071" classname="api.test.UserTests2"/>
  <system-out/>
</testsuite> <!-- api.test.UserTests2 -->
