<?xml version="1.0" encoding="UTF-8"?>
<!-- Generated by org.testng.reporters.JUnitReportReporter -->
<testsuite skipped="0" hostname="chouman" name="api.test.UserTests2" tests="4" failures="0" timestamp="2023-03-22T12:55:59 EDT" time="4.231" errors="0">
  <testcase name="testPostuser" time="3.846" classname="api.test.UserTests2"/>
  <system-out/>
  <testcase name="testgetUserByName" time="0.116" classname="api.test.UserTests2"/>
  <system-out/>
  <testcase name="testupdetuserByname" time="0.190" classname="api.test.UserTests2"/>
  <system-out/>
  <testcase name="testDeleteUserByName" time="0.079" classname="api.test.UserTests2"/>
  <system-out/>
</testsuite> <!-- api.test.UserTests2 -->
